[2024-01-14 22:00:18,152: INFO: main: welcome to my custom log]
[2024-01-15 10:01:07,834: INFO: common: created directory at: artifacts]
[2024-01-15 10:05:11,514: INFO: common: created directory at: artifacts]
[2024-01-15 10:05:11,517: INFO: common: created directory at: artifacts/data_ingestion]
[2024-01-15 10:05:12,392: INFO: 3237812735: artifacts/data_ingestion/data.zip download! with following info: 
Server: GitHub.com
Date: Mon, 15 Jan 2024 09:05:09 GMT
Content-Type: text/html; charset=utf-8
Vary: X-PJAX, X-PJAX-Container, Turbo-Visit, Turbo-Frame, Accept-Encoding, Accept, X-Requested-With
ETag: W/"4346939703e0b2140d4929084b1e530a"
Cache-Control: max-age=0, private, must-revalidate
Strict-Transport-Security: max-age=31536000; includeSubdomains; preload
X-Frame-Options: deny
X-Content-Type-Options: nosniff
X-XSS-Protection: 0
Referrer-Policy: no-referrer-when-downgrade
Content-Security-Policy: default-src 'none'; base-uri 'self'; child-src github.com/assets-cdn/worker/ gist.github.com/assets-cdn/worker/; connect-src 'self' uploads.github.com www.githubstatus.com collector.github.com raw.githubusercontent.com api.github.com github-cloud.s3.amazonaws.com github-production-repository-file-5c1aeb.s3.amazonaws.com github-production-upload-manifest-file-7fdce7.s3.amazonaws.com github-production-user-asset-6210df.s3.amazonaws.com cdn.optimizely.com logx.optimizely.com/v1/events api.githubcopilot.com objects-origin.githubusercontent.com *.actions.githubusercontent.com wss://*.actions.githubusercontent.com productionresultssa0.blob.core.windows.net/ productionresultssa1.blob.core.windows.net/ productionresultssa2.blob.core.windows.net/ productionresultssa3.blob.core.windows.net/ productionresultssa4.blob.core.windows.net/ productionresultssa5.blob.core.windows.net/ productionresultssa6.blob.core.windows.net/ productionresultssa7.blob.core.windows.net/ productionresultssa8.blob.core.windows.net/ productionresultssa9.blob.core.windows.net/ github-production-repository-image-32fea6.s3.amazonaws.com github-production-release-asset-2e65be.s3.amazonaws.com insights.github.com wss://alive.github.com; font-src github.githubassets.com; form-action 'self' github.com gist.github.com objects-origin.githubusercontent.com; frame-ancestors 'none'; frame-src viewscreen.githubusercontent.com notebooks.githubusercontent.com support.github.com; img-src 'self' data: github.githubassets.com media.githubusercontent.com camo.githubusercontent.com identicons.github.com avatars.githubusercontent.com github-cloud.s3.amazonaws.com objects.githubusercontent.com secured-user-images.githubusercontent.com/ user-images.githubusercontent.com/ private-user-images.githubusercontent.com opengraph.githubassets.com github-production-user-asset-6210df.s3.amazonaws.com customer-stories-feed.github.com spotlights-feed.github.com objects-origin.githubusercontent.com *.githubusercontent.com; manifest-src 'self'; media-src github.com user-images.githubusercontent.com/ secured-user-images.githubusercontent.com/ private-user-images.githubusercontent.com github-production-user-asset-6210df.s3.amazonaws.com gist.github.com; script-src github.githubassets.com; style-src 'unsafe-inline' github.githubassets.com; upgrade-insecure-requests; worker-src github.com/assets-cdn/worker/ gist.github.com/assets-cdn/worker/
Set-Cookie: _gh_sess=xKIsjcPd%2FueXhzJ4ncqUtLmaQk%2FhuqlaSLuEcOY37CCzm%2BFfqIQghWEkyHQ8uno%2FsgeClHmibcz1eDunt4HIIDfAwPz1oB0Ora5LXjn6W98a7fBA0RkoBMtelaepu4AA537zPTWksoPZMjgRrx7c%2F%2BiSoO20tOtNo0rN0npDY8lW%2F4M4UuTewawFU1tnqu9Q4xVFyO6JIEPSCbdQGo6d%2BM%2BpaQ2%2Fkpg6H3QeISKvbOFD8x%2B7hTCUrm5D%2FW5rAVfWGV9hDKr3BjgYFAHWaBn5aQ%3D%3D--cfMiXaWEVvrAwU2w--t%2BWgTePemqXhrqTtdFI5ow%3D%3D; Path=/; HttpOnly; Secure; SameSite=Lax
Set-Cookie: _octo=GH1.1.1158692919.1705309508; Path=/; Domain=github.com; Expires=Wed, 15 Jan 2025 09:05:08 GMT; Secure; SameSite=Lax
Set-Cookie: logged_in=no; Path=/; Domain=github.com; Expires=Wed, 15 Jan 2025 09:05:08 GMT; HttpOnly; Secure; SameSite=Lax
Accept-Ranges: bytes
Transfer-Encoding: chunked
X-GitHub-Request-Id: AC6C:38192F:2BE18E8:2C8A9AC:65A4F544
connection: close

]
[2024-01-15 10:05:56,729: INFO: common: created directory at: artifacts]
[2024-01-15 10:05:56,731: INFO: common: created directory at: artifacts/data_ingestion]
[2024-01-15 10:05:56,732: INFO: 3603241838: artifacts/data_ingestion/data.zip already exists! with the size 129 KB]
[2024-01-15 10:11:50,345: INFO: common: created directory at: artifacts]
[2024-01-15 10:11:50,345: INFO: common: created directory at: artifacts/data_ingestion]
[2024-01-15 10:11:50,345: INFO: 3603241838: artifacts/data_ingestion/data.zip already exists! with the size 129 KB]
[2024-01-15 10:12:18,870: INFO: common: created directory at: artifacts]
[2024-01-15 10:12:18,871: INFO: common: created directory at: artifacts/data_ingestion]
[2024-01-15 10:12:22,286: INFO: common: created directory at: artifacts]
[2024-01-15 10:12:22,288: INFO: common: created directory at: artifacts/data_ingestion]
[2024-01-15 10:13:38,993: INFO: common: created directory at: artifacts]
[2024-01-15 10:13:38,993: INFO: common: created directory at: artifacts/data_ingestion]
[2024-01-15 10:14:13,928: INFO: common: created directory at: artifacts]
[2024-01-15 10:14:13,930: INFO: common: created directory at: artifacts/data_ingestion]
[2024-01-15 10:14:13,931: INFO: 4037744573: File already exists of size: 129 KB]
[2024-01-15 10:14:25,833: INFO: common: created directory at: artifacts]
[2024-01-15 10:14:25,834: INFO: common: created directory at: artifacts/data_ingestion]
[2024-01-15 10:14:25,836: INFO: 4037744573: File already exists of size: 129 KB]
[2024-01-15 10:16:08,739: INFO: common: created directory at: artifacts]
[2024-01-15 10:16:08,744: INFO: common: created directory at: artifacts/data_ingestion]
[2024-01-15 10:16:08,745: INFO: 4037744573: File already exists of size: 129 KB]
[2024-01-15 10:18:26,356: INFO: common: created directory at: artifacts]
[2024-01-15 10:18:26,357: INFO: common: created directory at: artifacts/data_ingestion]
[2024-01-15 10:18:27,262: INFO: 4037744573: artifacts/data_ingestion/data.zip download! with following info: 
Server: GitHub.com
Date: Mon, 15 Jan 2024 09:18:24 GMT
Content-Type: text/html; charset=utf-8
Vary: X-PJAX, X-PJAX-Container, Turbo-Visit, Turbo-Frame, Accept-Encoding, Accept, X-Requested-With
ETag: W/"0a0868ff9a167da73b2a13208ca4b992"
Cache-Control: max-age=0, private, must-revalidate
Strict-Transport-Security: max-age=31536000; includeSubdomains; preload
X-Frame-Options: deny
X-Content-Type-Options: nosniff
X-XSS-Protection: 0
Referrer-Policy: no-referrer-when-downgrade
Content-Security-Policy: default-src 'none'; base-uri 'self'; child-src github.com/assets-cdn/worker/ gist.github.com/assets-cdn/worker/; connect-src 'self' uploads.github.com www.githubstatus.com collector.github.com raw.githubusercontent.com api.github.com github-cloud.s3.amazonaws.com github-production-repository-file-5c1aeb.s3.amazonaws.com github-production-upload-manifest-file-7fdce7.s3.amazonaws.com github-production-user-asset-6210df.s3.amazonaws.com cdn.optimizely.com logx.optimizely.com/v1/events api.githubcopilot.com objects-origin.githubusercontent.com *.actions.githubusercontent.com wss://*.actions.githubusercontent.com productionresultssa0.blob.core.windows.net/ productionresultssa1.blob.core.windows.net/ productionresultssa2.blob.core.windows.net/ productionresultssa3.blob.core.windows.net/ productionresultssa4.blob.core.windows.net/ productionresultssa5.blob.core.windows.net/ productionresultssa6.blob.core.windows.net/ productionresultssa7.blob.core.windows.net/ productionresultssa8.blob.core.windows.net/ productionresultssa9.blob.core.windows.net/ github-production-repository-image-32fea6.s3.amazonaws.com github-production-release-asset-2e65be.s3.amazonaws.com insights.github.com wss://alive.github.com; font-src github.githubassets.com; form-action 'self' github.com gist.github.com objects-origin.githubusercontent.com; frame-ancestors 'none'; frame-src viewscreen.githubusercontent.com notebooks.githubusercontent.com support.github.com; img-src 'self' data: github.githubassets.com media.githubusercontent.com camo.githubusercontent.com identicons.github.com avatars.githubusercontent.com github-cloud.s3.amazonaws.com objects.githubusercontent.com secured-user-images.githubusercontent.com/ user-images.githubusercontent.com/ private-user-images.githubusercontent.com opengraph.githubassets.com github-production-user-asset-6210df.s3.amazonaws.com customer-stories-feed.github.com spotlights-feed.github.com objects-origin.githubusercontent.com *.githubusercontent.com; manifest-src 'self'; media-src github.com user-images.githubusercontent.com/ secured-user-images.githubusercontent.com/ private-user-images.githubusercontent.com github-production-user-asset-6210df.s3.amazonaws.com gist.github.com; script-src github.githubassets.com; style-src 'unsafe-inline' github.githubassets.com; upgrade-insecure-requests; worker-src github.com/assets-cdn/worker/ gist.github.com/assets-cdn/worker/
Set-Cookie: _gh_sess=spAbX3PzLtMMD5itgtni1wnQEz737SWuc0LSjeKyBtHbwJQpKNPHNSS%2Bw93SQtilMdmsQmcpEAaF3T11QBaQJIK20k2UKxRmQ4im0XO%2B0kgz9MuXmx0mKdFaH6lPQRzxEipVA4anYmGqBgIPNixjE6qtK3pd7XDUpVv8%2BlOR2mORsPzj4PCBjsa6HhG7TWPCyOyFY%2BdtOS1mkqlT%2B4QbvScBadqvIf0oxFOuxi2e1hwvegXn%2BV%2B8BS0xZHeoGHhSybAW%2BkHvU88WUGIRQ5zj9g%3D%3D--3dI4GyyJ6kJ8wEb1--wGfISqoRpcj4RyiHBl1spg%3D%3D; Path=/; HttpOnly; Secure; SameSite=Lax
Set-Cookie: _octo=GH1.1.987505442.1705310303; Path=/; Domain=github.com; Expires=Wed, 15 Jan 2025 09:18:23 GMT; Secure; SameSite=Lax
Set-Cookie: logged_in=no; Path=/; Domain=github.com; Expires=Wed, 15 Jan 2025 09:18:23 GMT; HttpOnly; Secure; SameSite=Lax
Accept-Ranges: bytes
Transfer-Encoding: chunked
X-GitHub-Request-Id: 881C:30BE66:29883A5:2A3453D:65A4F85F
connection: close

]
[2024-01-15 10:24:01,562: INFO: common: created directory at: artifacts]
[2024-01-15 10:24:01,562: INFO: common: created directory at: artifacts/data_ingestion]
[2024-01-15 10:24:01,562: INFO: 4037744573: File already exists of size: 129 KB]
[2024-01-15 10:25:11,117: INFO: common: created directory at: artifacts]
[2024-01-15 10:25:11,117: INFO: common: created directory at: artifacts/data_ingestion]
[2024-01-15 10:25:11,117: INFO: 4037744573: File already exists of size: 5099 KB]
[2024-01-15 12:43:26,796: INFO: main: >>>>>>>>>> stage Data Ingestion Stage started <<<<<<<<<<<<]
[2024-01-15 12:43:26,812: INFO: common: created directory at: artifacts]
[2024-01-15 12:43:26,812: INFO: common: created directory at: artifacts/data_ingestion]
[2024-01-15 12:43:27,852: INFO: data_ingestion: artifacts/data_ingestion/data.zip download! with following info: 
Server: GitHub.com
Date: Mon, 15 Jan 2024 11:43:24 GMT
Content-Type: text/html; charset=utf-8
Vary: X-PJAX, X-PJAX-Container, Turbo-Visit, Turbo-Frame, Accept-Encoding, Accept, X-Requested-With
ETag: W/"0a6c36499b0fa7d091cf5da9f1f86007"
Cache-Control: max-age=0, private, must-revalidate
Strict-Transport-Security: max-age=31536000; includeSubdomains; preload
X-Frame-Options: deny
X-Content-Type-Options: nosniff
X-XSS-Protection: 0
Referrer-Policy: no-referrer-when-downgrade
Content-Security-Policy: default-src 'none'; base-uri 'self'; child-src github.com/assets-cdn/worker/ gist.github.com/assets-cdn/worker/; connect-src 'self' uploads.github.com www.githubstatus.com collector.github.com raw.githubusercontent.com api.github.com github-cloud.s3.amazonaws.com github-production-repository-file-5c1aeb.s3.amazonaws.com github-production-upload-manifest-file-7fdce7.s3.amazonaws.com github-production-user-asset-6210df.s3.amazonaws.com cdn.optimizely.com logx.optimizely.com/v1/events api.githubcopilot.com objects-origin.githubusercontent.com *.actions.githubusercontent.com wss://*.actions.githubusercontent.com productionresultssa0.blob.core.windows.net/ productionresultssa1.blob.core.windows.net/ productionresultssa2.blob.core.windows.net/ productionresultssa3.blob.core.windows.net/ productionresultssa4.blob.core.windows.net/ productionresultssa5.blob.core.windows.net/ productionresultssa6.blob.core.windows.net/ productionresultssa7.blob.core.windows.net/ productionresultssa8.blob.core.windows.net/ productionresultssa9.blob.core.windows.net/ github-production-repository-image-32fea6.s3.amazonaws.com github-production-release-asset-2e65be.s3.amazonaws.com insights.github.com wss://alive.github.com; font-src github.githubassets.com; form-action 'self' github.com gist.github.com objects-origin.githubusercontent.com; frame-ancestors 'none'; frame-src viewscreen.githubusercontent.com notebooks.githubusercontent.com support.github.com; img-src 'self' data: github.githubassets.com media.githubusercontent.com camo.githubusercontent.com identicons.github.com avatars.githubusercontent.com github-cloud.s3.amazonaws.com objects.githubusercontent.com secured-user-images.githubusercontent.com/ user-images.githubusercontent.com/ private-user-images.githubusercontent.com opengraph.githubassets.com github-production-user-asset-6210df.s3.amazonaws.com customer-stories-feed.github.com spotlights-feed.github.com objects-origin.githubusercontent.com *.githubusercontent.com; manifest-src 'self'; media-src github.com user-images.githubusercontent.com/ secured-user-images.githubusercontent.com/ private-user-images.githubusercontent.com github-production-user-asset-6210df.s3.amazonaws.com gist.github.com; script-src github.githubassets.com; style-src 'unsafe-inline' github.githubassets.com; upgrade-insecure-requests; worker-src github.com/assets-cdn/worker/ gist.github.com/assets-cdn/worker/
Set-Cookie: _gh_sess=wB2Ag9Y%2F8rrpt%2BJxvmvCJ3O6uXFUIVL%2FRFbwt5vzcAd8UtijHWT8o%2BqMxBR8Miw1jJG%2Flw4006Fysb%2FyIODOvc9PoXL5WoFLp97vuWTilvqgMao9yVeNg2DLi92S7q48E5vNBESCd8Iqpgz7%2F2f7QTvynBNk4MIbi7IcBTX3A%2F3UZ84DNb2kE7iwTlFuAwdzlFUaSBQG30GIfz%2BiRwarFIUhVPyLxxuc4ZTmmV6LgYZkBnnuTA5Wpcv8iebBLeiHJcRdC5cGcRneAoGxAYKIvg%3D%3D--Fep0l2t9I6yQhAsn--l5i7HCEWDMbD%2BdhWbs%2F81g%3D%3D; Path=/; HttpOnly; Secure; SameSite=Lax
Set-Cookie: _octo=GH1.1.1386905052.1705319004; Path=/; Domain=github.com; Expires=Wed, 15 Jan 2025 11:43:24 GMT; Secure; SameSite=Lax
Set-Cookie: logged_in=no; Path=/; Domain=github.com; Expires=Wed, 15 Jan 2025 11:43:24 GMT; HttpOnly; Secure; SameSite=Lax
Accept-Ranges: bytes
Transfer-Encoding: chunked
X-GitHub-Request-Id: E615:171D17:3D8DB38:3E5E8DE:65A51A5C
connection: close

]
[2024-01-15 12:43:27,867: ERROR: main: File is not a zip file]
Traceback (most recent call last):
  File "C:\Users\NITRO\Desktop\MIAAD\DeepLearning\Cnn-Classifier\main.py", line 8, in <module>
    data_ingestion.main()
  File "C:\Users\NITRO\Desktop\MIAAD\DeepLearning\Cnn-Classifier\src\cnnClassifier\pipeline\stage_01_data_ingestion.py", line 16, in main
    data_ingestion.extract_zip_file()
  File "C:\Users\NITRO\Desktop\MIAAD\DeepLearning\Cnn-Classifier\src\cnnClassifier\components\data_ingestion.py", line 34, in extract_zip_file
    with zipfile.ZipFile(self.config.local_data_file, 'r') as zip_ref:
  File "C:\Users\NITRO\anaconda3\envs\cnnClassifier\lib\zipfile.py", line 1266, in __init__
    self._RealGetContents()
  File "C:\Users\NITRO\anaconda3\envs\cnnClassifier\lib\zipfile.py", line 1333, in _RealGetContents
    raise BadZipFile("File is not a zip file")
zipfile.BadZipFile: File is not a zip file
[2024-01-15 13:23:17,589: WARNING: module_wrapper: From c:\Users\NITRO\anaconda3\envs\cnnClassifier\lib\site-packages\keras\src\losses.py:2976: The name tf.losses.sparse_softmax_cross_entropy is deprecated. Please use tf.compat.v1.losses.sparse_softmax_cross_entropy instead.
]
[2024-01-20 12:49:30,569: WARNING: module_wrapper: From c:\Users\NITRO\anaconda3\envs\cnnClassifier\lib\site-packages\keras\src\losses.py:2976: The name tf.losses.sparse_softmax_cross_entropy is deprecated. Please use tf.compat.v1.losses.sparse_softmax_cross_entropy instead.
]
[2024-01-20 12:55:41,472: INFO: common: created directory at: artifacts]
[2024-01-20 12:55:41,472: INFO: common: created directory at: artifacts/prepare_base_model]
[2024-01-20 13:19:37,619: INFO: common: created directory at: artifacts]
[2024-01-20 13:19:37,619: INFO: common: created directory at: artifacts/prepare_base_model]
[2024-01-20 13:37:27,291: WARNING: module_wrapper: From c:\Users\NITRO\anaconda3\envs\cnnClassifier\lib\site-packages\keras\src\losses.py:2976: The name tf.losses.sparse_softmax_cross_entropy is deprecated. Please use tf.compat.v1.losses.sparse_softmax_cross_entropy instead.
]
[2024-01-20 13:37:28,192: INFO: common: created directory at: artifacts]
[2024-01-20 13:37:28,198: INFO: common: created directory at: artifacts/prepare_base_model]
[2024-01-20 13:38:34,945: INFO: common: created directory at: artifacts]
[2024-01-20 13:38:34,949: INFO: common: created directory at: artifacts/prepare_base_model]
[2024-01-20 13:38:35,023: WARNING: module_wrapper: From c:\Users\NITRO\anaconda3\envs\cnnClassifier\lib\site-packages\keras\src\backend.py:1398: The name tf.executing_eagerly_outside_functions is deprecated. Please use tf.compat.v1.executing_eagerly_outside_functions instead.
]
[2024-01-20 13:38:35,240: WARNING: module_wrapper: From c:\Users\NITRO\anaconda3\envs\cnnClassifier\lib\site-packages\keras\src\layers\pooling\max_pooling2d.py:161: The name tf.nn.max_pool is deprecated. Please use tf.nn.max_pool2d instead.
]
[2024-01-20 13:38:48,046: WARNING: saving_utils: Compiled the loaded model, but the compiled metrics have yet to be built. `model.compile_metrics` will be empty until you train or evaluate the model.]
[2024-01-20 14:22:29,378: WARNING: module_wrapper: From C:\Users\NITRO\anaconda3\envs\cnnClassifier\lib\site-packages\keras\src\losses.py:2976: The name tf.losses.sparse_softmax_cross_entropy is deprecated. Please use tf.compat.v1.losses.sparse_softmax_cross_entropy instead.
]
[2024-01-20 14:22:29,789: INFO: main: >>>>>>>>>> stage Data Ingestion Stage started <<<<<<<<<<<<]
[2024-01-20 14:22:29,789: INFO: common: created directory at: artifacts]
[2024-01-20 14:22:29,789: INFO: common: created directory at: artifacts/data_ingestion]
[2024-01-20 14:22:30,612: INFO: data_ingestion: artifacts/data_ingestion/data.zip download! with following info: 
Server: GitHub.com
Date: Sat, 20 Jan 2024 13:22:25 GMT
Content-Type: text/html; charset=utf-8
Vary: X-PJAX, X-PJAX-Container, Turbo-Visit, Turbo-Frame, Accept-Encoding, Accept, X-Requested-With
ETag: W/"0291dc481368456c290995d70e36a662"
Cache-Control: max-age=0, private, must-revalidate
Strict-Transport-Security: max-age=31536000; includeSubdomains; preload
X-Frame-Options: deny
X-Content-Type-Options: nosniff
X-XSS-Protection: 0
Referrer-Policy: no-referrer-when-downgrade
Content-Security-Policy: default-src 'none'; base-uri 'self'; child-src github.com/assets-cdn/worker/ gist.github.com/assets-cdn/worker/; connect-src 'self' uploads.github.com www.githubstatus.com collector.github.com raw.githubusercontent.com api.github.com github-cloud.s3.amazonaws.com github-production-repository-file-5c1aeb.s3.amazonaws.com github-production-upload-manifest-file-7fdce7.s3.amazonaws.com github-production-user-asset-6210df.s3.amazonaws.com cdn.optimizely.com logx.optimizely.com/v1/events api.githubcopilot.com objects-origin.githubusercontent.com *.actions.githubusercontent.com wss://*.actions.githubusercontent.com productionresultssa0.blob.core.windows.net/ productionresultssa1.blob.core.windows.net/ productionresultssa2.blob.core.windows.net/ productionresultssa3.blob.core.windows.net/ productionresultssa4.blob.core.windows.net/ productionresultssa5.blob.core.windows.net/ productionresultssa6.blob.core.windows.net/ productionresultssa7.blob.core.windows.net/ productionresultssa8.blob.core.windows.net/ productionresultssa9.blob.core.windows.net/ github-production-repository-image-32fea6.s3.amazonaws.com github-production-release-asset-2e65be.s3.amazonaws.com insights.github.com wss://alive.github.com; font-src github.githubassets.com; form-action 'self' github.com gist.github.com objects-origin.githubusercontent.com; frame-ancestors 'none'; frame-src viewscreen.githubusercontent.com notebooks.githubusercontent.com; img-src 'self' data: github.githubassets.com media.githubusercontent.com camo.githubusercontent.com identicons.github.com avatars.githubusercontent.com github-cloud.s3.amazonaws.com objects.githubusercontent.com secured-user-images.githubusercontent.com/ user-images.githubusercontent.com/ private-user-images.githubusercontent.com opengraph.githubassets.com github-production-user-asset-6210df.s3.amazonaws.com customer-stories-feed.github.com spotlights-feed.github.com objects-origin.githubusercontent.com *.githubusercontent.com; manifest-src 'self'; media-src github.com user-images.githubusercontent.com/ secured-user-images.githubusercontent.com/ private-user-images.githubusercontent.com github-production-user-asset-6210df.s3.amazonaws.com gist.github.com; script-src github.githubassets.com; style-src 'unsafe-inline' github.githubassets.com; upgrade-insecure-requests; worker-src github.com/assets-cdn/worker/ gist.github.com/assets-cdn/worker/
Set-Cookie: _gh_sess=3OCFt209XV%2F66AB8AvyNM%2Fv637Tv21jOBYcHWJfHD6W8tXihVfg0nFHecJmq25OQTFq%2BoC01nUUIGy%2F62MJGblH3GB9fF2j2CkAmEObrvGLzbt9ySUbqFy6K4F2qm30VpwkR7bQYl2vvOCkvoF8rRp9E3k3LTRu%2BAAcuNy6V3QSZiV2Wyp7acun%2FXRjTx8bknlD4vcUV1CgiwHko%2BNcp25Op3F1Dv%2FX8JpomA2gsIhxLxX8eFKcVgNwXivAmpYalU2mGCVave6bS63UU5eQf1A%3D%3D--7NHB3btgb8QnLsmN--Uht04dPI3MJ6EwFeQct8kw%3D%3D; Path=/; HttpOnly; Secure; SameSite=Lax
Set-Cookie: _octo=GH1.1.2046642392.1705756945; Path=/; Domain=github.com; Expires=Mon, 20 Jan 2025 13:22:25 GMT; Secure; SameSite=Lax
Set-Cookie: logged_in=no; Path=/; Domain=github.com; Expires=Mon, 20 Jan 2025 13:22:25 GMT; HttpOnly; Secure; SameSite=Lax
Accept-Ranges: bytes
Transfer-Encoding: chunked
X-GitHub-Request-Id: E273:1A95DF:2108F2FF:21680307:65ABC911
connection: close

]
[2024-01-20 14:22:30,630: ERROR: main: File is not a zip file]
Traceback (most recent call last):
  File "C:\Users\NITRO\Desktop\MIAAD\DeepLearning\Cnn-Classifier\main.py", line 10, in <module>
    data_ingestion.main()
  File "C:\Users\NITRO\Desktop\MIAAD\DeepLearning\Cnn-Classifier\src\cnnClassifier\pipeline\stage_01_data_ingestion.py", line 16, in main
    data_ingestion.extract_zip_file()
  File "C:\Users\NITRO\Desktop\MIAAD\DeepLearning\Cnn-Classifier\src\cnnClassifier\components\data_ingestion.py", line 34, in extract_zip_file
    with zipfile.ZipFile(self.config.local_data_file, 'r') as zip_ref:
  File "C:\Users\NITRO\anaconda3\envs\cnnClassifier\lib\zipfile.py", line 1266, in __init__
    self._RealGetContents()
  File "C:\Users\NITRO\anaconda3\envs\cnnClassifier\lib\zipfile.py", line 1333, in _RealGetContents
    raise BadZipFile("File is not a zip file")
zipfile.BadZipFile: File is not a zip file
[2024-01-20 14:22:30,630: INFO: main: >>>>>>>>>> stage Prepare Base Model Stage started <<<<<<<<<<<<]
[2024-01-20 14:22:30,630: INFO: common: created directory at: artifacts]
[2024-01-20 14:22:30,630: INFO: common: created directory at: artifacts/prepare_base_model]
[2024-01-20 14:22:30,730: WARNING: module_wrapper: From C:\Users\NITRO\anaconda3\envs\cnnClassifier\lib\site-packages\keras\src\backend.py:1398: The name tf.executing_eagerly_outside_functions is deprecated. Please use tf.compat.v1.executing_eagerly_outside_functions instead.
]
[2024-01-20 14:22:30,786: WARNING: module_wrapper: From C:\Users\NITRO\anaconda3\envs\cnnClassifier\lib\site-packages\keras\src\layers\pooling\max_pooling2d.py:161: The name tf.nn.max_pool is deprecated. Please use tf.nn.max_pool2d instead.
]
[2024-01-20 14:22:31,102: WARNING: saving_utils: Compiled the loaded model, but the compiled metrics have yet to be built. `model.compile_metrics` will be empty until you train or evaluate the model.]
[2024-01-20 14:22:31,275: INFO: main: >>>>>>>>>> stage Prepare Base Model Stage completed <<<<<<<<<<<<

 x===============================x]
[2024-01-20 14:45:12,764: WARNING: module_wrapper: From c:\Users\NITRO\anaconda3\envs\cnnClassifier\lib\site-packages\keras\src\losses.py:2976: The name tf.losses.sparse_softmax_cross_entropy is deprecated. Please use tf.compat.v1.losses.sparse_softmax_cross_entropy instead.
]
[2024-01-20 14:45:28,587: INFO: common: created directory at: artifacts]
[2024-01-20 14:45:28,590: INFO: common: created directory at: artifacts\prepare_callbacks\checkpoint_dir]
[2024-01-20 14:45:28,592: INFO: common: created directory at: artifacts\prepare_callbacks\tensorboard_log_dir]
[2024-01-20 14:48:48,001: INFO: common: created directory at: artifacts]
[2024-01-20 14:48:48,003: INFO: common: created directory at: artifacts\prepare_callbacks]
[2024-01-20 14:48:48,005: INFO: common: created directory at: artifacts\prepare_callbacks\tensorboard_log_dir]
[2024-01-20 14:57:55,301: INFO: common: created directory at: artifacts]
[2024-01-20 14:57:55,308: INFO: common: created directory at: artifacts\prepare_callbacks\checkpoint_dir]
[2024-01-20 14:57:55,309: INFO: common: created directory at: artifacts\prepare_callbacks\tensorboard_log_dir]
[2024-01-20 15:00:04,453: INFO: common: created directory at: artifacts]
[2024-01-20 15:00:04,458: INFO: common: created directory at: artifacts\prepare_callbacks\checkpoint_dir]
[2024-01-20 15:00:04,459: INFO: common: created directory at: artifacts\prepare_callbacks\tensorboard_log_dir]
[2024-01-20 15:05:25,033: INFO: common: created directory at: artifacts]
[2024-01-20 15:05:25,033: INFO: common: created directory at: artifacts\prepare_callbacks\checkpoint_dir]
[2024-01-20 15:05:25,033: INFO: common: created directory at: artifacts\prepare_callbacks\tensorboard_log_dir]
[2024-01-20 16:06:18,522: WARNING: module_wrapper: From c:\Users\NITRO\anaconda3\envs\cnnClassifier\lib\site-packages\keras\src\losses.py:2976: The name tf.losses.sparse_softmax_cross_entropy is deprecated. Please use tf.compat.v1.losses.sparse_softmax_cross_entropy instead.
]
[2024-01-20 16:51:47,821: INFO: common: created directory at: artifacts]
[2024-01-20 16:51:47,823: INFO: common: created directory at: artifacts\prepare_callbacks\checkpoint_dir]
[2024-01-20 16:51:47,823: INFO: common: created directory at: artifacts\prepare_callbacks\tensorboard_log_dir]
[2024-01-20 16:51:47,832: INFO: common: created directory at: artifacts\training]
[2024-01-20 16:58:33,479: INFO: common: created directory at: artifacts]
[2024-01-20 16:58:33,479: INFO: common: created directory at: artifacts\prepare_callbacks\checkpoint_dir]
[2024-01-20 16:58:33,479: INFO: common: created directory at: artifacts\prepare_callbacks\tensorboard_log_dir]
[2024-01-20 16:58:33,479: INFO: common: created directory at: artifacts\training]
[2024-01-20 16:58:33,657: WARNING: module_wrapper: From c:\Users\NITRO\anaconda3\envs\cnnClassifier\lib\site-packages\keras\src\backend.py:1398: The name tf.executing_eagerly_outside_functions is deprecated. Please use tf.compat.v1.executing_eagerly_outside_functions instead.
]
[2024-01-20 16:58:33,735: WARNING: module_wrapper: From c:\Users\NITRO\anaconda3\envs\cnnClassifier\lib\site-packages\keras\src\layers\pooling\max_pooling2d.py:161: The name tf.nn.max_pool is deprecated. Please use tf.nn.max_pool2d instead.
]
[2024-01-20 16:59:50,961: INFO: common: created directory at: artifacts]
[2024-01-20 16:59:50,968: INFO: common: created directory at: artifacts\prepare_callbacks\checkpoint_dir]
[2024-01-20 16:59:50,969: INFO: common: created directory at: artifacts\prepare_callbacks\tensorboard_log_dir]
[2024-01-20 16:59:50,970: INFO: common: created directory at: artifacts\training]
[2024-01-20 17:01:18,248: INFO: common: created directory at: artifacts]
[2024-01-20 17:01:18,263: INFO: common: created directory at: artifacts\prepare_callbacks\checkpoint_dir]
[2024-01-20 17:01:18,263: INFO: common: created directory at: artifacts\prepare_callbacks\tensorboard_log_dir]
[2024-01-20 17:01:18,263: INFO: common: created directory at: artifacts\training]
[2024-01-20 17:02:59,996: INFO: common: created directory at: artifacts]
[2024-01-20 17:02:59,998: INFO: common: created directory at: artifacts\prepare_callbacks\checkpoint_dir]
[2024-01-20 17:02:59,999: INFO: common: created directory at: artifacts\prepare_callbacks\tensorboard_log_dir]
[2024-01-20 17:03:00,000: INFO: common: created directory at: artifacts\training]
[2024-01-20 17:03:02,305: WARNING: module_wrapper: From c:\Users\NITRO\anaconda3\envs\cnnClassifier\lib\site-packages\keras\src\utils\tf_utils.py:492: The name tf.ragged.RaggedTensorValue is deprecated. Please use tf.compat.v1.ragged.RaggedTensorValue instead.
]
[2024-01-20 17:20:10,394: INFO: common: created directory at: artifacts]
[2024-01-20 17:20:10,394: INFO: common: created directory at: artifacts\prepare_callbacks\checkpoint_dir]
[2024-01-20 17:20:10,394: INFO: common: created directory at: artifacts\prepare_callbacks\tensorboard_log_dir]
[2024-01-20 17:20:10,394: INFO: common: created directory at: artifacts\training]
[2024-01-20 17:21:29,047: INFO: common: created directory at: artifacts]
[2024-01-20 17:21:29,047: INFO: common: created directory at: artifacts\prepare_callbacks\checkpoint_dir]
[2024-01-20 17:21:29,047: INFO: common: created directory at: artifacts\prepare_callbacks\tensorboard_log_dir]
[2024-01-20 17:21:29,047: INFO: common: created directory at: artifacts\training]
[2024-01-20 17:33:35,035: WARNING: module_wrapper: From C:\Users\NITRO\anaconda3\envs\cnnClassifier\lib\site-packages\keras\src\losses.py:2976: The name tf.losses.sparse_softmax_cross_entropy is deprecated. Please use tf.compat.v1.losses.sparse_softmax_cross_entropy instead.
]
[2024-01-20 17:34:33,954: WARNING: module_wrapper: From C:\Users\NITRO\anaconda3\envs\cnnClassifier\lib\site-packages\keras\src\losses.py:2976: The name tf.losses.sparse_softmax_cross_entropy is deprecated. Please use tf.compat.v1.losses.sparse_softmax_cross_entropy instead.
]
[2024-01-20 17:35:27,766: WARNING: module_wrapper: From C:\Users\NITRO\anaconda3\envs\cnnClassifier\lib\site-packages\keras\src\losses.py:2976: The name tf.losses.sparse_softmax_cross_entropy is deprecated. Please use tf.compat.v1.losses.sparse_softmax_cross_entropy instead.
]
[2024-01-20 17:35:28,185: INFO: main: >>>>>>>>>> stage Data Ingestion Stage started <<<<<<<<<<<<]
[2024-01-20 17:35:28,200: INFO: common: created directory at: artifacts]
[2024-01-20 17:35:28,200: INFO: common: created directory at: artifacts/data_ingestion]
[2024-01-20 17:35:29,871: INFO: data_ingestion: artifacts/data_ingestion/data.zip download! with following info: 
Server: GitHub.com
Date: Sat, 20 Jan 2024 16:35:25 GMT
Content-Type: text/html; charset=utf-8
Vary: X-PJAX, X-PJAX-Container, Turbo-Visit, Turbo-Frame, Accept-Encoding, Accept, X-Requested-With
ETag: W/"1443db4971bbad7d704bbc06463fdef1"
Cache-Control: max-age=0, private, must-revalidate
Strict-Transport-Security: max-age=31536000; includeSubdomains; preload
X-Frame-Options: deny
X-Content-Type-Options: nosniff
X-XSS-Protection: 0
Referrer-Policy: no-referrer-when-downgrade
Content-Security-Policy: default-src 'none'; base-uri 'self'; child-src github.com/assets-cdn/worker/ gist.github.com/assets-cdn/worker/; connect-src 'self' uploads.github.com www.githubstatus.com collector.github.com raw.githubusercontent.com api.github.com github-cloud.s3.amazonaws.com github-production-repository-file-5c1aeb.s3.amazonaws.com github-production-upload-manifest-file-7fdce7.s3.amazonaws.com github-production-user-asset-6210df.s3.amazonaws.com cdn.optimizely.com logx.optimizely.com/v1/events api.githubcopilot.com objects-origin.githubusercontent.com *.actions.githubusercontent.com wss://*.actions.githubusercontent.com productionresultssa0.blob.core.windows.net/ productionresultssa1.blob.core.windows.net/ productionresultssa2.blob.core.windows.net/ productionresultssa3.blob.core.windows.net/ productionresultssa4.blob.core.windows.net/ productionresultssa5.blob.core.windows.net/ productionresultssa6.blob.core.windows.net/ productionresultssa7.blob.core.windows.net/ productionresultssa8.blob.core.windows.net/ productionresultssa9.blob.core.windows.net/ github-production-repository-image-32fea6.s3.amazonaws.com github-production-release-asset-2e65be.s3.amazonaws.com insights.github.com wss://alive.github.com; font-src github.githubassets.com; form-action 'self' github.com gist.github.com objects-origin.githubusercontent.com; frame-ancestors 'none'; frame-src viewscreen.githubusercontent.com notebooks.githubusercontent.com; img-src 'self' data: github.githubassets.com media.githubusercontent.com camo.githubusercontent.com identicons.github.com avatars.githubusercontent.com github-cloud.s3.amazonaws.com objects.githubusercontent.com secured-user-images.githubusercontent.com/ user-images.githubusercontent.com/ private-user-images.githubusercontent.com opengraph.githubassets.com github-production-user-asset-6210df.s3.amazonaws.com customer-stories-feed.github.com spotlights-feed.github.com objects-origin.githubusercontent.com *.githubusercontent.com; manifest-src 'self'; media-src github.com user-images.githubusercontent.com/ secured-user-images.githubusercontent.com/ private-user-images.githubusercontent.com github-production-user-asset-6210df.s3.amazonaws.com gist.github.com; script-src github.githubassets.com; style-src 'unsafe-inline' github.githubassets.com; upgrade-insecure-requests; worker-src github.com/assets-cdn/worker/ gist.github.com/assets-cdn/worker/
Set-Cookie: _gh_sess=LFr%2FSL98D5cU55%2B7SzZj%2BcV%2F8ELNpi%2BoUzaFZtEjNEDzPZvjqhhmO%2B38AIoJK7STcFONVBQDW8INDW2P%2Bx0oq%2FRnttNANGRdBkCcsMAzsqmq7vRI7fXgnh%2BHafetODOZ6UqShkz96EDZ4hD7DtsqfKxrsXhAkQ1IgQ%2FgnqFuGBcaazXXtZyiVcy7XbG0M4RKGdaNZNAvhiC4qYEk5LCXvKwsoTiCxvCg7WG0CNSoVgPZnXzEoTIsDxK1RDND1TwafS980Ami%2BMGrOLVr9dv23w%3D%3D--A8BaPJZjxJeYrdgh--ItKW1FvBpoPzKR0AHASBTA%3D%3D; Path=/; HttpOnly; Secure; SameSite=Lax
Set-Cookie: _octo=GH1.1.2114030191.1705768524; Path=/; Domain=github.com; Expires=Mon, 20 Jan 2025 16:35:24 GMT; Secure; SameSite=Lax
Set-Cookie: logged_in=no; Path=/; Domain=github.com; Expires=Mon, 20 Jan 2025 16:35:24 GMT; HttpOnly; Secure; SameSite=Lax
Accept-Ranges: bytes
Transfer-Encoding: chunked
X-GitHub-Request-Id: C52E:506C7:2005EF31:206816FE:65ABF64C
connection: close

]
[2024-01-20 17:35:29,871: ERROR: main: File is not a zip file]
Traceback (most recent call last):
  File "C:\Users\NITRO\Desktop\MIAAD\DeepLearning\Cnn-Classifier\main.py", line 11, in <module>
    data_ingestion.main()
  File "C:\Users\NITRO\Desktop\MIAAD\DeepLearning\Cnn-Classifier\src\cnnClassifier\pipeline\stage_01_data_ingestion.py", line 16, in main
    data_ingestion.extract_zip_file()
  File "C:\Users\NITRO\Desktop\MIAAD\DeepLearning\Cnn-Classifier\src\cnnClassifier\components\data_ingestion.py", line 34, in extract_zip_file
    with zipfile.ZipFile(self.config.local_data_file, 'r') as zip_ref:
  File "C:\Users\NITRO\anaconda3\envs\cnnClassifier\lib\zipfile.py", line 1266, in __init__
    self._RealGetContents()
  File "C:\Users\NITRO\anaconda3\envs\cnnClassifier\lib\zipfile.py", line 1333, in _RealGetContents
    raise BadZipFile("File is not a zip file")
zipfile.BadZipFile: File is not a zip file
[2024-01-20 17:35:29,871: INFO: main: >>>>>>>>>> stage Prepare Base Model Stage started <<<<<<<<<<<<]
[2024-01-20 17:35:29,886: INFO: common: created directory at: artifacts]
[2024-01-20 17:35:29,886: INFO: common: created directory at: artifacts/prepare_base_model]
[2024-01-20 17:35:30,013: WARNING: module_wrapper: From C:\Users\NITRO\anaconda3\envs\cnnClassifier\lib\site-packages\keras\src\backend.py:1398: The name tf.executing_eagerly_outside_functions is deprecated. Please use tf.compat.v1.executing_eagerly_outside_functions instead.
]
[2024-01-20 17:35:30,092: WARNING: module_wrapper: From C:\Users\NITRO\anaconda3\envs\cnnClassifier\lib\site-packages\keras\src\layers\pooling\max_pooling2d.py:161: The name tf.nn.max_pool is deprecated. Please use tf.nn.max_pool2d instead.
]
[2024-01-20 17:35:30,504: WARNING: saving_utils: Compiled the loaded model, but the compiled metrics have yet to be built. `model.compile_metrics` will be empty until you train or evaluate the model.]
[2024-01-20 17:35:30,708: INFO: main: >>>>>>>>>> stage Prepare Base Model Stage completed <<<<<<<<<<<<

 x===============================x]
[2024-01-20 17:35:30,708: INFO: main: >>>>>>>>>> stage Training Stage started <<<<<<<<<<<<]
[2024-01-20 17:35:30,708: INFO: common: created directory at: artifacts]
[2024-01-20 17:35:30,708: ERROR: main: 'ConfigurationManager' object has no attribute 'get_prepare_callback_config']
Traceback (most recent call last):
  File "C:\Users\NITRO\Desktop\MIAAD\DeepLearning\Cnn-Classifier\main.py", line 34, in <module>
    data_ingestion.main()
  File "C:\Users\NITRO\Desktop\MIAAD\DeepLearning\Cnn-Classifier\src\cnnClassifier\pipeline\stage_03_training.py", line 16, in main
    prepare_callbacks_config = config.get_prepare_callback_config()
AttributeError: 'ConfigurationManager' object has no attribute 'get_prepare_callback_config'
[2024-01-20 17:37:25,210: WARNING: module_wrapper: From C:\Users\NITRO\anaconda3\envs\cnnClassifier\lib\site-packages\keras\src\losses.py:2976: The name tf.losses.sparse_softmax_cross_entropy is deprecated. Please use tf.compat.v1.losses.sparse_softmax_cross_entropy instead.
]
[2024-01-20 17:37:25,650: INFO: main: >>>>>>>>>> stage Data Ingestion Stage started <<<<<<<<<<<<]
[2024-01-20 17:37:25,666: INFO: common: created directory at: artifacts]
[2024-01-20 17:37:25,666: INFO: common: created directory at: artifacts/data_ingestion]
[2024-01-20 17:37:26,455: INFO: data_ingestion: artifacts/data_ingestion/data.zip download! with following info: 
Server: GitHub.com
Date: Sat, 20 Jan 2024 16:37:21 GMT
Content-Type: text/html; charset=utf-8
Vary: X-PJAX, X-PJAX-Container, Turbo-Visit, Turbo-Frame, Accept-Encoding, Accept, X-Requested-With
ETag: W/"204c7a65054ee8397e3c172da7c22190"
Cache-Control: max-age=0, private, must-revalidate
Strict-Transport-Security: max-age=31536000; includeSubdomains; preload
X-Frame-Options: deny
X-Content-Type-Options: nosniff
X-XSS-Protection: 0
Referrer-Policy: no-referrer-when-downgrade
Content-Security-Policy: default-src 'none'; base-uri 'self'; child-src github.com/assets-cdn/worker/ gist.github.com/assets-cdn/worker/; connect-src 'self' uploads.github.com www.githubstatus.com collector.github.com raw.githubusercontent.com api.github.com github-cloud.s3.amazonaws.com github-production-repository-file-5c1aeb.s3.amazonaws.com github-production-upload-manifest-file-7fdce7.s3.amazonaws.com github-production-user-asset-6210df.s3.amazonaws.com cdn.optimizely.com logx.optimizely.com/v1/events api.githubcopilot.com objects-origin.githubusercontent.com *.actions.githubusercontent.com wss://*.actions.githubusercontent.com productionresultssa0.blob.core.windows.net/ productionresultssa1.blob.core.windows.net/ productionresultssa2.blob.core.windows.net/ productionresultssa3.blob.core.windows.net/ productionresultssa4.blob.core.windows.net/ productionresultssa5.blob.core.windows.net/ productionresultssa6.blob.core.windows.net/ productionresultssa7.blob.core.windows.net/ productionresultssa8.blob.core.windows.net/ productionresultssa9.blob.core.windows.net/ github-production-repository-image-32fea6.s3.amazonaws.com github-production-release-asset-2e65be.s3.amazonaws.com insights.github.com wss://alive.github.com; font-src github.githubassets.com; form-action 'self' github.com gist.github.com objects-origin.githubusercontent.com; frame-ancestors 'none'; frame-src viewscreen.githubusercontent.com notebooks.githubusercontent.com; img-src 'self' data: github.githubassets.com media.githubusercontent.com camo.githubusercontent.com identicons.github.com avatars.githubusercontent.com github-cloud.s3.amazonaws.com objects.githubusercontent.com secured-user-images.githubusercontent.com/ user-images.githubusercontent.com/ private-user-images.githubusercontent.com opengraph.githubassets.com github-production-user-asset-6210df.s3.amazonaws.com customer-stories-feed.github.com spotlights-feed.github.com objects-origin.githubusercontent.com *.githubusercontent.com; manifest-src 'self'; media-src github.com user-images.githubusercontent.com/ secured-user-images.githubusercontent.com/ private-user-images.githubusercontent.com github-production-user-asset-6210df.s3.amazonaws.com gist.github.com; script-src github.githubassets.com; style-src 'unsafe-inline' github.githubassets.com; upgrade-insecure-requests; worker-src github.com/assets-cdn/worker/ gist.github.com/assets-cdn/worker/
Set-Cookie: _gh_sess=sTiEiDR6t0M%2FMoVxBWk4gJK3KHNwfGQFcT%2FwC8fHDsRNpKsqiagW5m3Jem9qfLuZW5jJvdonMzLvwTt4SZ%2BB7F2g%2FiB5VITq9xoCNRxQOJE4EWwe%2Fh02J2yVl1kb365CMRpZ74cdpefOWw6T%2BO5gIpwKWVJrCs3nKki2crawU8FW0ttRGCj9JFlrV3SuYQEyeiDtkb%2BiQ%2Fi8W%2FXcwy%2BGpkfBpTnIB%2BUdnc3F2CL66MkaIAWBZDhNUPJgZBpnFfzYWBEpWnhUV84jga5%2BMEjTdA%3D%3D--hiuPIqeflqB%2Fmgcd--3fOXQZ7mCAy2rScC1Ig%2Bvg%3D%3D; Path=/; HttpOnly; Secure; SameSite=Lax
Set-Cookie: _octo=GH1.1.577340181.1705768641; Path=/; Domain=github.com; Expires=Mon, 20 Jan 2025 16:37:21 GMT; Secure; SameSite=Lax
Set-Cookie: logged_in=no; Path=/; Domain=github.com; Expires=Mon, 20 Jan 2025 16:37:21 GMT; HttpOnly; Secure; SameSite=Lax
Accept-Ranges: bytes
Transfer-Encoding: chunked
X-GitHub-Request-Id: C662:E85F9:1248431:1283972:65ABF6C1
connection: close

]
[2024-01-20 17:37:26,455: ERROR: main: File is not a zip file]
Traceback (most recent call last):
  File "C:\Users\NITRO\Desktop\MIAAD\DeepLearning\Cnn-Classifier\main.py", line 11, in <module>
    data_ingestion.main()
  File "C:\Users\NITRO\Desktop\MIAAD\DeepLearning\Cnn-Classifier\src\cnnClassifier\pipeline\stage_01_data_ingestion.py", line 16, in main
    data_ingestion.extract_zip_file()
  File "C:\Users\NITRO\Desktop\MIAAD\DeepLearning\Cnn-Classifier\src\cnnClassifier\components\data_ingestion.py", line 34, in extract_zip_file
    with zipfile.ZipFile(self.config.local_data_file, 'r') as zip_ref:
  File "C:\Users\NITRO\anaconda3\envs\cnnClassifier\lib\zipfile.py", line 1266, in __init__
    self._RealGetContents()
  File "C:\Users\NITRO\anaconda3\envs\cnnClassifier\lib\zipfile.py", line 1333, in _RealGetContents
    raise BadZipFile("File is not a zip file")
zipfile.BadZipFile: File is not a zip file
[2024-01-20 17:37:26,471: INFO: main: >>>>>>>>>> stage Prepare Base Model Stage started <<<<<<<<<<<<]
[2024-01-20 17:37:26,471: INFO: common: created directory at: artifacts]
[2024-01-20 17:37:26,471: INFO: common: created directory at: artifacts/prepare_base_model]
[2024-01-20 17:37:26,581: WARNING: module_wrapper: From C:\Users\NITRO\anaconda3\envs\cnnClassifier\lib\site-packages\keras\src\backend.py:1398: The name tf.executing_eagerly_outside_functions is deprecated. Please use tf.compat.v1.executing_eagerly_outside_functions instead.
]
[2024-01-20 17:37:26,659: WARNING: module_wrapper: From C:\Users\NITRO\anaconda3\envs\cnnClassifier\lib\site-packages\keras\src\layers\pooling\max_pooling2d.py:161: The name tf.nn.max_pool is deprecated. Please use tf.nn.max_pool2d instead.
]
[2024-01-20 17:37:26,989: WARNING: saving_utils: Compiled the loaded model, but the compiled metrics have yet to be built. `model.compile_metrics` will be empty until you train or evaluate the model.]
[2024-01-20 17:37:27,185: INFO: main: >>>>>>>>>> stage Prepare Base Model Stage completed <<<<<<<<<<<<

 x===============================x]
[2024-01-20 17:37:27,185: INFO: main: >>>>>>>>>> stage Training Stage started <<<<<<<<<<<<]
[2024-01-20 17:37:27,194: INFO: common: created directory at: artifacts]
[2024-01-20 17:37:27,194: ERROR: main: 'ConfigurationManager' object has no attribute 'get_prepare_callback_config']
Traceback (most recent call last):
  File "C:\Users\NITRO\Desktop\MIAAD\DeepLearning\Cnn-Classifier\main.py", line 34, in <module>
    data_ingestion.main()
  File "C:\Users\NITRO\Desktop\MIAAD\DeepLearning\Cnn-Classifier\src\cnnClassifier\pipeline\stage_03_training.py", line 16, in main
    prepare_callbacks_config = config.get_prepare_callback_config()
AttributeError: 'ConfigurationManager' object has no attribute 'get_prepare_callback_config'
[2024-01-20 18:12:09,823: WARNING: module_wrapper: From C:\Users\NITRO\anaconda3\envs\cnnClassifier\lib\site-packages\keras\src\losses.py:2976: The name tf.losses.sparse_softmax_cross_entropy is deprecated. Please use tf.compat.v1.losses.sparse_softmax_cross_entropy instead.
]
[2024-01-20 18:12:10,262: INFO: main: >>>>>>>>>> stage Data Ingestion Stage started <<<<<<<<<<<<]
[2024-01-20 18:12:10,262: INFO: common: created directory at: artifacts]
[2024-01-20 18:12:10,262: INFO: common: created directory at: artifacts/data_ingestion]
[2024-01-20 18:12:10,262: INFO: data_ingestion: File already exists of size: 130 KB]
[2024-01-20 18:12:10,277: ERROR: main: File is not a zip file]
Traceback (most recent call last):
  File "C:\Users\NITRO\Desktop\MIAAD\DeepLearning\Cnn-Classifier\main.py", line 11, in <module>
    data_ingestion.main()
  File "C:\Users\NITRO\Desktop\MIAAD\DeepLearning\Cnn-Classifier\src\cnnClassifier\pipeline\stage_01_data_ingestion.py", line 16, in main
    data_ingestion.extract_zip_file()
  File "C:\Users\NITRO\Desktop\MIAAD\DeepLearning\Cnn-Classifier\src\cnnClassifier\components\data_ingestion.py", line 34, in extract_zip_file
    with zipfile.ZipFile(self.config.local_data_file, 'r') as zip_ref:
  File "C:\Users\NITRO\anaconda3\envs\cnnClassifier\lib\zipfile.py", line 1266, in __init__
    self._RealGetContents()
  File "C:\Users\NITRO\anaconda3\envs\cnnClassifier\lib\zipfile.py", line 1333, in _RealGetContents
    raise BadZipFile("File is not a zip file")
zipfile.BadZipFile: File is not a zip file
[2024-01-20 18:12:10,277: INFO: main: >>>>>>>>>> stage Prepare Base Model Stage started <<<<<<<<<<<<]
[2024-01-20 18:12:10,277: INFO: common: created directory at: artifacts]
[2024-01-20 18:12:10,277: INFO: common: created directory at: artifacts/prepare_base_model]
[2024-01-20 18:12:10,387: WARNING: module_wrapper: From C:\Users\NITRO\anaconda3\envs\cnnClassifier\lib\site-packages\keras\src\backend.py:1398: The name tf.executing_eagerly_outside_functions is deprecated. Please use tf.compat.v1.executing_eagerly_outside_functions instead.
]
[2024-01-20 18:12:10,451: WARNING: module_wrapper: From C:\Users\NITRO\anaconda3\envs\cnnClassifier\lib\site-packages\keras\src\layers\pooling\max_pooling2d.py:161: The name tf.nn.max_pool is deprecated. Please use tf.nn.max_pool2d instead.
]
[2024-01-20 18:12:10,814: WARNING: saving_utils: Compiled the loaded model, but the compiled metrics have yet to be built. `model.compile_metrics` will be empty until you train or evaluate the model.]
[2024-01-20 18:12:11,018: INFO: main: >>>>>>>>>> stage Prepare Base Model Stage completed <<<<<<<<<<<<

 x===============================x]
[2024-01-20 18:12:11,018: INFO: main: >>>>>>>>>> stage Training Stage started <<<<<<<<<<<<]
[2024-01-20 18:12:11,018: INFO: common: created directory at: artifacts]
[2024-01-20 18:12:11,018: INFO: common: created directory at: artifacts\prepare_callbacks\checkpoint_dir]
[2024-01-20 18:12:11,034: INFO: common: created directory at: artifacts\prepare_callbacks\tensorboard_log_dir]
[2024-01-20 18:12:11,034: INFO: common: created directory at: artifacts\training]
[2024-01-20 18:12:11,789: WARNING: module_wrapper: From C:\Users\NITRO\anaconda3\envs\cnnClassifier\lib\site-packages\keras\src\utils\tf_utils.py:492: The name tf.ragged.RaggedTensorValue is deprecated. Please use tf.compat.v1.ragged.RaggedTensorValue instead.
]
[2024-01-20 18:13:27,767: INFO: main: >>>>>>>>>> stage Training Stage completed <<<<<<<<<<<<

 x===============================x]
[2024-01-20 18:29:04,029: INFO: common: created directory at: artifacts]
[2024-01-21 17:28:40,286: WARNING: module_wrapper: From C:\Users\NITRO\anaconda3\envs\cnnClassifier\lib\site-packages\keras\src\losses.py:2976: The name tf.losses.sparse_softmax_cross_entropy is deprecated. Please use tf.compat.v1.losses.sparse_softmax_cross_entropy instead.
]
[2024-01-21 17:29:27,575: WARNING: module_wrapper: From C:\Users\NITRO\anaconda3\envs\cnnClassifier\lib\site-packages\keras\src\losses.py:2976: The name tf.losses.sparse_softmax_cross_entropy is deprecated. Please use tf.compat.v1.losses.sparse_softmax_cross_entropy instead.
]
[2024-01-21 17:29:42,105: WARNING: module_wrapper: From C:\Users\NITRO\anaconda3\envs\cnnClassifier\lib\site-packages\keras\src\losses.py:2976: The name tf.losses.sparse_softmax_cross_entropy is deprecated. Please use tf.compat.v1.losses.sparse_softmax_cross_entropy instead.
]
[2024-01-21 17:29:42,568: INFO: _internal: [31m[1mWARNING: This is a development server. Do not use it in a production deployment. Use a production WSGI server instead.[0m
 * Running on all addresses (0.0.0.0)
 * Running on http://127.0.0.1:8080
 * Running on http://192.168.1.117:8080]
[2024-01-21 17:29:42,568: INFO: _internal: [33mPress CTRL+C to quit[0m]
[2024-01-21 17:29:42,568: INFO: _internal:  * Restarting with stat]
[2024-01-21 17:29:46,035: WARNING: module_wrapper: From C:\Users\NITRO\anaconda3\envs\cnnClassifier\lib\site-packages\keras\src\losses.py:2976: The name tf.losses.sparse_softmax_cross_entropy is deprecated. Please use tf.compat.v1.losses.sparse_softmax_cross_entropy instead.
]
[2024-01-21 17:29:46,501: WARNING: _internal:  * Debugger is active!]
[2024-01-21 17:29:46,517: INFO: _internal:  * Debugger PIN: 465-163-075]
[2024-01-21 17:29:53,240: INFO: _internal: 127.0.0.1 - - [21/Jan/2024 17:29:53] "GET / HTTP/1.1" 200 -]
[2024-01-21 17:30:27,520: WARNING: module_wrapper: From C:\Users\NITRO\anaconda3\envs\cnnClassifier\lib\site-packages\keras\src\backend.py:1398: The name tf.executing_eagerly_outside_functions is deprecated. Please use tf.compat.v1.executing_eagerly_outside_functions instead.
]
[2024-01-21 17:30:27,536: WARNING: module_wrapper: From C:\Users\NITRO\anaconda3\envs\cnnClassifier\lib\site-packages\keras\src\layers\pooling\max_pooling2d.py:161: The name tf.nn.max_pool is deprecated. Please use tf.nn.max_pool2d instead.
]
[2024-01-21 17:30:28,687: INFO: _internal: 127.0.0.1 - - [21/Jan/2024 17:30:28] "[35m[1mPOST /predict HTTP/1.1[0m" 500 -]
[2024-01-21 17:31:08,508: INFO: _internal:  * Detected change in 'C:\\Users\\NITRO\\Desktop\\MIAAD\\DeepLearning\\Cnn-Classifier\\app.py', reloading]
[2024-01-21 17:31:09,064: INFO: _internal:  * Restarting with stat]
[2024-01-21 17:31:13,376: WARNING: module_wrapper: From C:\Users\NITRO\anaconda3\envs\cnnClassifier\lib\site-packages\keras\src\losses.py:2976: The name tf.losses.sparse_softmax_cross_entropy is deprecated. Please use tf.compat.v1.losses.sparse_softmax_cross_entropy instead.
]
[2024-01-21 17:31:13,936: WARNING: _internal:  * Debugger is active!]
[2024-01-21 17:31:13,949: INFO: _internal:  * Debugger PIN: 465-163-075]
[2024-01-21 17:31:13,963: INFO: _internal: 127.0.0.1 - - [21/Jan/2024 17:31:13] "GET / HTTP/1.1" 200 -]
[2024-01-21 17:31:20,498: WARNING: module_wrapper: From C:\Users\NITRO\anaconda3\envs\cnnClassifier\lib\site-packages\keras\src\backend.py:1398: The name tf.executing_eagerly_outside_functions is deprecated. Please use tf.compat.v1.executing_eagerly_outside_functions instead.
]
[2024-01-21 17:31:20,512: WARNING: module_wrapper: From C:\Users\NITRO\anaconda3\envs\cnnClassifier\lib\site-packages\keras\src\layers\pooling\max_pooling2d.py:161: The name tf.nn.max_pool is deprecated. Please use tf.nn.max_pool2d instead.
]
[2024-01-21 17:31:21,314: INFO: _internal: 127.0.0.1 - - [21/Jan/2024 17:31:21] "POST /predict HTTP/1.1" 200 -]
[2024-01-21 17:31:31,019: INFO: _internal: 127.0.0.1 - - [21/Jan/2024 17:31:31] "POST /predict HTTP/1.1" 200 -]
[2024-01-21 17:31:39,358: INFO: _internal: 127.0.0.1 - - [21/Jan/2024 17:31:39] "POST /predict HTTP/1.1" 200 -]
[2024-01-21 17:31:47,921: INFO: _internal: 127.0.0.1 - - [21/Jan/2024 17:31:47] "POST /predict HTTP/1.1" 200 -]
